<?xml version="1.0" encoding="UTF-8"?>
<testng-results ignored="0" total="1" passed="1" failed="0" skipped="0">
  <reporter-output>
    <line>
      <![CDATA[Launching browser]]>
    </line>
    <line>
      <![CDATA[verify username]]>
    </line>
    <line>
      <![CDATA[verify password]]>
    </line>
    <line>
      <![CDATA[verify button]]>
    </line>
    <line>
      <![CDATA[verify signout]]>
    </line>
  </reporter-output>
  <suite started-at="2021-04-07T07:55:36 IST" name="Suite" finished-at="2021-04-07T07:55:50 IST" duration-ms="14069">
    <groups>
    </groups>
    <test started-at="2021-04-07T07:55:36 IST" name="Test" finished-at="2021-04-07T07:55:50 IST" duration-ms="14069">
      <class name="com.App.TestCases.AppLoginTestCase">
        <test-method is-config="true" signature="setupsuite()[pri:0, instance:com.App.TestCases.AppLoginTestCase@29647f75]" started-at="2021-04-07T07:55:36 IST" name="setupsuite" finished-at="2021-04-07T07:55:36 IST" duration-ms="413" status="PASS">
          <reporter-output>
          </reporter-output>
        </test-method> <!-- setupsuite -->
        <test-method is-config="true" signature="launchbrowser()[pri:0, instance:com.App.TestCases.AppLoginTestCase@29647f75]" started-at="2021-04-07T07:55:36 IST" name="launchbrowser" finished-at="2021-04-07T07:55:42 IST" duration-ms="5533" status="PASS">
          <reporter-output>
            <line>
              <![CDATA[Launching browser]]>
            </line>
          </reporter-output>
        </test-method> <!-- launchbrowser -->
        <test-method signature="verifyvalidlogin()[pri:1, instance:com.App.TestCases.AppLoginTestCase@29647f75]" started-at="2021-04-07T07:55:42 IST" name="verifyvalidlogin" description="valid login test" finished-at="2021-04-07T07:55:49 IST" duration-ms="7391" status="PASS">
          <reporter-output>
            <line>
              <![CDATA[verify username]]>
            </line>
            <line>
              <![CDATA[verify password]]>
            </line>
            <line>
              <![CDATA[verify button]]>
            </line>
            <line>
              <![CDATA[verify signout]]>
            </line>
          </reporter-output>
        </test-method> <!-- verifyvalidlogin -->
        <test-method is-config="true" signature="closebrowser()[pri:0, instance:com.App.TestCases.AppLoginTestCase@29647f75]" started-at="2021-04-07T07:55:49 IST" name="closebrowser" finished-at="2021-04-07T07:55:50 IST" duration-ms="1043" status="PASS">
          <reporter-output>
          </reporter-output>
        </test-method> <!-- closebrowser -->
      </class> <!-- com.App.TestCases.AppLoginTestCase -->
    </test> <!-- Test -->
  </suite> <!-- Suite -->
</testng-results>
