<?xml version="1.0" encoding="UTF-8"?>
<testng-results ignored="0" total="2" passed="2" failed="0" skipped="0">
  <reporter-output>
    <line>
      <![CDATA[Launching browser]]>
    </line>
    <line>
      <![CDATA[verify username]]>
    </line>
    <line>
      <![CDATA[verify password]]>
    </line>
    <line>
      <![CDATA[verify button]]>
    </line>
    <line>
      <![CDATA[verify signout]]>
    </line>
  </reporter-output>
  <suite started-at="2021-04-07T08:12:10 IST" name="Suite" finished-at="2021-04-07T08:12:21 IST" duration-ms="11325">
    <groups>
    </groups>
    <test started-at="2021-04-07T08:12:10 IST" name="logintest" finished-at="2021-04-07T08:12:21 IST" duration-ms="11284">
      <class name="com.App.TestCases.AppLoginTestCase">
        <test-method is-config="true" signature="launchbrowser()[pri:0, instance:com.App.TestCases.AppLoginTestCase@29647f75]" started-at="2021-04-07T08:12:10 IST" name="launchbrowser" finished-at="2021-04-07T08:12:14 IST" duration-ms="4711" status="PASS">
          <reporter-output>
            <line>
              <![CDATA[Launching browser]]>
            </line>
          </reporter-output>
        </test-method> <!-- launchbrowser -->
        <test-method signature="verifyvalidlogin()[pri:1, instance:com.App.TestCases.AppLoginTestCase@29647f75]" started-at="2021-04-07T08:12:15 IST" name="verifyvalidlogin" description="valid login test" finished-at="2021-04-07T08:12:20 IST" duration-ms="5742" status="PASS">
          <reporter-output>
            <line>
              <![CDATA[verify username]]>
            </line>
            <line>
              <![CDATA[verify password]]>
            </line>
            <line>
              <![CDATA[verify button]]>
            </line>
            <line>
              <![CDATA[verify signout]]>
            </line>
          </reporter-output>
        </test-method> <!-- verifyvalidlogin -->
        <test-method is-config="true" signature="closebrowser()[pri:0, instance:com.App.TestCases.AppLoginTestCase@29647f75]" started-at="2021-04-07T08:12:20 IST" name="closebrowser" finished-at="2021-04-07T08:12:21 IST" duration-ms="730" status="PASS">
          <reporter-output>
          </reporter-output>
        </test-method> <!-- closebrowser -->
      </class> <!-- com.App.TestCases.AppLoginTestCase -->
    </test> <!-- logintest -->
    <test started-at="2021-04-07T08:12:21 IST" name="weblinkstest" finished-at="2021-04-07T08:12:21 IST" duration-ms="7">
      <class name="com.App.TestCases.verifyWebLinks">
        <test-method signature="f()[pri:0, instance:com.App.TestCases.verifyWebLinks@1ba9117e]" started-at="2021-04-07T08:12:21 IST" name="f" finished-at="2021-04-07T08:12:21 IST" duration-ms="2" status="PASS">
          <reporter-output>
          </reporter-output>
        </test-method> <!-- f -->
      </class> <!-- com.App.TestCases.verifyWebLinks -->
      <class name="com.App.TestCases.AppLoginTestCase">
        <test-method is-config="true" signature="setupsuite()[pri:0, instance:com.App.TestCases.AppLoginTestCase@29647f75]" started-at="2021-04-07T08:12:09 IST" name="setupsuite" finished-at="2021-04-07T08:12:10 IST" duration-ms="242" status="PASS">
          <reporter-output>
          </reporter-output>
        </test-method> <!-- setupsuite -->
      </class> <!-- com.App.TestCases.AppLoginTestCase -->
    </test> <!-- weblinkstest -->
  </suite> <!-- Suite -->
</testng-results>
